<?xml version="1.0" encoding="UTF-8"?>
<!-- Generated by org.testng.reporters.JUnitReportReporter -->
<testsuite skipped="0" hostname="DESKTOP-GAOM8LM" name="excelread" tests="3" failures="0" timestamp="11 Sep 2020 09:00:30 GMT" time="76.985" errors="0">
  <testcase name="enterthecredential" time="23.887" classname="excelread"/>
  <testcase name="enterthecredential" time="24.533" classname="excelread"/>
  <testcase name="enterthecredential" time="28.565" classname="excelread"/>
</testsuite> <!-- excelread -->
